


2025-09-18 14:51:31
================ Hyperparameters ===============
anormly_ratio: 0.9
batch_size: 128
d_model: 256
data_path: NIPS_TS_Swan
dataset: NIPS_TS_Swan
device_ids: [0, 1, 2, 3]
devices: 0,1,2,3
e_layers: 3
gpu: 0
index: 137
input_c: 38
k: 3
loss_fuc: MSE
lr: 0.0001
mode: train
model_save_path: checkpoints
n_heads: 1
num_epochs: 3
output_c: 38
patch_size: [1, 3]
rec_timeseries: True
use_gpu: True
use_multi_gpu: True
win_size: 36
====================  Train  ===================
test: (60000, 38)
train: (60000, 38)
test: (60000, 38)
train: (60000, 38)
test: (60000, 38)
train: (60000, 38)
test: (60000, 38)
train: (60000, 38)
sdfafsad
sdfafsad
sdfafsad
sdfafsad
sdfafsad
sdfafsad
sdfafsad
sdfafsad
sdfafsad
sdfafsad
sdfafsad
sdfafsad
sdfafsad
sdfafsad
sdfafsad
sdfafsad
sdfafsad
sdfafsad
sdfafsad
sdfafsad
sdfafsad
sdfafsad
sdfafsad
sdfafsad
sdfafsad
sdfafsad
sdfafsad
sdfafsad
sdfafsad
sdfafsad
sdfafsad
sdfafsad
sdfafsad
sdfafsad
sdfafsad
sdfafsad
sdfafsad
sdfafsad
sdfafsad
sdfafsad
sdfafsad
sdfafsad
sdfafsad
sdfafsad
sdfafsad
sdfafsad
sdfafsad
sdfafsad
sdfafsad
sdfafsad
sdfafsad
sdfafsad
sdfafsad
sdfafsad
sdfafsad
sdfafsad
sdfafsad
sdfafsad
sdfafsad
sdfafsad
sdfafsad
sdfafsad
sdfafsad
sdfafsad
sdfafsad
sdfafsad
sdfafsad
sdfafsad
sdfafsad
sdfafsad
sdfafsad
sdfafsad
sdfafsad
sdfafsad
sdfafsad
sdfafsad
sdfafsad
sdfafsad
sdfafsad
sdfafsad
sdfafsad
sdfafsad
sdfafsad
sdfafsad
sdfafsad
sdfafsad
sdfafsad
sdfafsad
sdfafsad
sdfafsad
sdfafsad
sdfafsad
sdfafsad
sdfafsad
sdfafsad
sdfafsad
sdfafsad
sdfafsad
sdfafsad
sdfafsad
	speed: 0.8466s/iter; left time: 1104.7565s
sdfafsad
sdfafsad
sdfafsad
sdfafsad
sdfafsad
sdfafsad
sdfafsad
sdfafsad
sdfafsad
sdfafsad
sdfafsad
sdfafsad
sdfafsad
sdfafsad
sdfafsad
sdfafsad
sdfafsad
sdfafsad
sdfafsad
sdfafsad
sdfafsad
sdfafsad
sdfafsad
sdfafsad
sdfafsad
sdfafsad
sdfafsad
sdfafsad
sdfafsad
sdfafsad
sdfafsad
sdfafsad
sdfafsad
sdfafsad
sdfafsad
sdfafsad
sdfafsad
sdfafsad
sdfafsad
sdfafsad
sdfafsad
sdfafsad
sdfafsad
sdfafsad
sdfafsad
sdfafsad
sdfafsad
sdfafsad
sdfafsad
sdfafsad
sdfafsad
sdfafsad
sdfafsad
sdfafsad
sdfafsad
sdfafsad
sdfafsad
sdfafsad
sdfafsad
sdfafsad
sdfafsad
sdfafsad
sdfafsad
sdfafsad
sdfafsad
sdfafsad
sdfafsad
sdfafsad
sdfafsad
sdfafsad
sdfafsad
sdfafsad
sdfafsad
sdfafsad
sdfafsad
sdfafsad
sdfafsad
sdfafsad
sdfafsad
sdfafsad
sdfafsad
sdfafsad
sdfafsad
sdfafsad
sdfafsad
sdfafsad
sdfafsad
sdfafsad
sdfafsad
sdfafsad
sdfafsad
sdfafsad
sdfafsad
sdfafsad
sdfafsad
sdfafsad
sdfafsad
sdfafsad
sdfafsad
sdfafsad
	speed: 0.2356s/iter; left time: 283.9469s
sdfafsad
sdfafsad
sdfafsad
sdfafsad
sdfafsad
sdfafsad
sdfafsad
sdfafsad
sdfafsad
sdfafsad
sdfafsad
sdfafsad
sdfafsad
sdfafsad
sdfafsad
sdfafsad
sdfafsad
sdfafsad
sdfafsad
sdfafsad
sdfafsad
sdfafsad



2025-09-18 14:53:40
================ Hyperparameters ===============
anormly_ratio: 0.9
batch_size: 128
d_model: 256
data_path: NIPS_TS_Swan
dataset: NIPS_TS_Swan
device_ids: [0, 1, 2, 3]
devices: 0,1,2,3
e_layers: 3
gpu: 0
index: 137
input_c: 38
k: 3
loss_fuc: MSE
lr: 0.0001
mode: train
model_save_path: checkpoints
n_heads: 1
num_epochs: 3
output_c: 38
patch_size: [1, 3]
rec_timeseries: True
use_gpu: True
use_multi_gpu: True
win_size: 36
====================  Train  ===================
test: (60000, 38)
train: (60000, 38)
test: (60000, 38)
train: (60000, 38)
test: (60000, 38)
train: (60000, 38)
test: (60000, 38)
train: (60000, 38)



2025-09-18 14:53:59
================ Hyperparameters ===============
anormly_ratio: 0.9
batch_size: 128
d_model: 256
data_path: NIPS_TS_Swan
dataset: NIPS_TS_Swan
device_ids: [0, 1, 2, 3]
devices: 0,1,2,3
e_layers: 3
gpu: 0
index: 137
input_c: 38
k: 3
loss_fuc: MSE
lr: 0.0001
mode: train
model_save_path: checkpoints
n_heads: 1
num_epochs: 3
output_c: 38
patch_size: [1, 3]
rec_timeseries: True
use_gpu: True
use_multi_gpu: True
win_size: 36
====================  Train  ===================
test: (60000, 38)
train: (60000, 38)
test: (60000, 38)
train: (60000, 38)
test: (60000, 38)
train: (60000, 38)
test: (60000, 38)
train: (60000, 38)
	speed: 0.9263s/iter; left time: 1208.8518s
	speed: 0.2390s/iter; left time: 287.9801s
	speed: 0.2401s/iter; left time: 265.3309s
	speed: 0.2396s/iter; left time: 240.7523s
Epoch: 1, Cost time: 584.458s 
	speed: 5.5576s/iter; left time: 4651.6774s
	speed: 0.5566s/iter; left time: 410.2177s
	speed: 0.5563s/iter; left time: 354.3935s
	speed: 0.5591s/iter; left time: 300.2225s
Epoch: 2, Cost time: 770.055s 
	speed: 5.8004s/iter; left time: 2140.3557s
	speed: 0.5545s/iter; left time: 149.1716s
	speed: 0.5576s/iter; left time: 94.2424s
	speed: 0.5545s/iter; left time: 38.2625s
Epoch: 3, Cost time: 719.026s 
test: (60000, 38)
train: (60000, 38)
test: (60000, 38)
train: (60000, 38)
test: (60000, 38)
train: (60000, 38)
test: (60000, 38)
train: (60000, 38)
Threshold : 0.267265435159206
pa_accuracy           : 0.8604
pa_precision          : 0.9673
pa_recall             : 0.5903
pa_f_score            : 0.7332
MCC_score             : 0.6821
Affiliation precision : 0.4958
Affiliation recall    : 0.0385
R_AUC_ROC             : 0.8800
R_AUC_PR              : 0.9478
VUS_ROC               : 0.8609
VUS_PR                : 0.9353
Accuracy : 0.8604, Precision : 0.9673, Recall : 0.5903, F-score : 0.7332 
