


2025-09-18 11:49:57
================ Hyperparameters ===============
anormly_ratio: 0.85
batch_size: 256
d_model: 256
data_path: SMAP
dataset: SMAP
device_ids: [0, 1, 2, 3]
devices: 0,1,2,3
e_layers: 3
gpu: 0
index: 137
input_c: 25
k: 3
loss_fuc: MSE
lr: 0.0001
mode: train
model_save_path: checkpoints
n_heads: 1
num_epochs: 3
output_c: 25
patch_size: [3, 5, 7]
rec_timeseries: True
use_gpu: True
use_multi_gpu: True
win_size: 105
====================  Train  ===================
sdfafsad
sdfafsad
sdfafsad
sdfafsad
sdfafsad
sdfafsad
sdfafsad
sdfafsad
sdfafsad
sdfafsad
sdfafsad
sdfafsad
sdfafsad
sdfafsad
sdfafsad
sdfafsad
sdfafsad
sdfafsad
sdfafsad
sdfafsad
sdfafsad
sdfafsad
sdfafsad
sdfafsad
sdfafsad
sdfafsad
sdfafsad
sdfafsad
sdfafsad
sdfafsad
sdfafsad
sdfafsad
sdfafsad
sdfafsad
sdfafsad
sdfafsad
sdfafsad
sdfafsad
sdfafsad
sdfafsad
sdfafsad
sdfafsad
sdfafsad
sdfafsad
sdfafsad
sdfafsad
sdfafsad
sdfafsad
sdfafsad
sdfafsad
sdfafsad
sdfafsad
sdfafsad
sdfafsad
sdfafsad
sdfafsad
sdfafsad
sdfafsad
sdfafsad
sdfafsad
sdfafsad
sdfafsad
sdfafsad
sdfafsad
sdfafsad
sdfafsad
sdfafsad
sdfafsad
sdfafsad
sdfafsad
sdfafsad
sdfafsad
sdfafsad
sdfafsad
sdfafsad
sdfafsad
sdfafsad
sdfafsad
sdfafsad
sdfafsad
sdfafsad
sdfafsad
sdfafsad
sdfafsad
sdfafsad
sdfafsad
sdfafsad
sdfafsad
sdfafsad
sdfafsad
sdfafsad
sdfafsad
sdfafsad
sdfafsad
sdfafsad
sdfafsad
sdfafsad
sdfafsad
sdfafsad
sdfafsad
	speed: 16.4151s/iter; left time: 24327.1756s
sdfafsad
sdfafsad
sdfafsad
sdfafsad
sdfafsad
sdfafsad
sdfafsad
sdfafsad
sdfafsad
sdfafsad
sdfafsad
sdfafsad
sdfafsad
sdfafsad
sdfafsad
sdfafsad
sdfafsad
sdfafsad
sdfafsad
sdfafsad
sdfafsad
sdfafsad
sdfafsad
sdfafsad
sdfafsad
sdfafsad
sdfafsad
sdfafsad
sdfafsad
sdfafsad
sdfafsad
sdfafsad
sdfafsad
sdfafsad
sdfafsad
sdfafsad
sdfafsad
sdfafsad
sdfafsad
sdfafsad
sdfafsad
sdfafsad
sdfafsad
sdfafsad
sdfafsad
sdfafsad
sdfafsad
sdfafsad
sdfafsad
sdfafsad
sdfafsad
sdfafsad
sdfafsad
sdfafsad
sdfafsad
sdfafsad
sdfafsad
sdfafsad
sdfafsad
sdfafsad
sdfafsad
sdfafsad
sdfafsad
sdfafsad
sdfafsad
sdfafsad
sdfafsad
sdfafsad
sdfafsad
sdfafsad
sdfafsad
sdfafsad
sdfafsad
sdfafsad
sdfafsad
sdfafsad
sdfafsad
sdfafsad
sdfafsad
sdfafsad
sdfafsad
sdfafsad
sdfafsad
sdfafsad
sdfafsad
sdfafsad
sdfafsad
sdfafsad
sdfafsad
sdfafsad
sdfafsad
sdfafsad
sdfafsad
sdfafsad
sdfafsad
sdfafsad
sdfafsad
sdfafsad
sdfafsad
sdfafsad
	speed: 15.6589s/iter; left time: 21640.6492s
sdfafsad
sdfafsad
sdfafsad
sdfafsad
sdfafsad
sdfafsad
sdfafsad
sdfafsad
sdfafsad
sdfafsad
sdfafsad
sdfafsad
sdfafsad
sdfafsad
sdfafsad
sdfafsad
sdfafsad
sdfafsad
sdfafsad
sdfafsad
sdfafsad
sdfafsad
sdfafsad
sdfafsad
sdfafsad
sdfafsad
sdfafsad
sdfafsad
sdfafsad
sdfafsad
sdfafsad
sdfafsad
sdfafsad
sdfafsad
sdfafsad
sdfafsad
sdfafsad
sdfafsad
sdfafsad
sdfafsad
sdfafsad
sdfafsad
sdfafsad
sdfafsad
sdfafsad
sdfafsad
sdfafsad
sdfafsad
sdfafsad
sdfafsad
sdfafsad
sdfafsad
sdfafsad
sdfafsad
sdfafsad
sdfafsad
sdfafsad
sdfafsad
sdfafsad
sdfafsad
sdfafsad
sdfafsad
sdfafsad
sdfafsad
sdfafsad
sdfafsad
sdfafsad
sdfafsad
sdfafsad
sdfafsad
sdfafsad
sdfafsad
sdfafsad
sdfafsad
sdfafsad
sdfafsad
sdfafsad
sdfafsad
sdfafsad
sdfafsad
sdfafsad
sdfafsad
sdfafsad
sdfafsad
sdfafsad
sdfafsad
sdfafsad
sdfafsad
sdfafsad
sdfafsad
sdfafsad
sdfafsad
sdfafsad
sdfafsad
sdfafsad
sdfafsad
sdfafsad
sdfafsad
sdfafsad
sdfafsad
	speed: 15.6651s/iter; left time: 20082.6159s
sdfafsad
sdfafsad
sdfafsad
sdfafsad
sdfafsad
sdfafsad
sdfafsad
sdfafsad
sdfafsad
sdfafsad
sdfafsad
sdfafsad
sdfafsad
sdfafsad
sdfafsad
sdfafsad
sdfafsad
sdfafsad
sdfafsad
sdfafsad
sdfafsad
sdfafsad
sdfafsad
sdfafsad
sdfafsad
sdfafsad
sdfafsad
sdfafsad
sdfafsad
sdfafsad
sdfafsad
sdfafsad
sdfafsad
sdfafsad
sdfafsad
sdfafsad
sdfafsad
sdfafsad
sdfafsad
sdfafsad
sdfafsad
sdfafsad
sdfafsad
sdfafsad
sdfafsad
sdfafsad
sdfafsad
sdfafsad
sdfafsad
sdfafsad
sdfafsad
sdfafsad
sdfafsad
sdfafsad
sdfafsad
sdfafsad
sdfafsad
sdfafsad
sdfafsad
sdfafsad
sdfafsad
sdfafsad
sdfafsad
sdfafsad
sdfafsad
sdfafsad
sdfafsad
sdfafsad
sdfafsad
sdfafsad
sdfafsad
sdfafsad
sdfafsad
sdfafsad
sdfafsad
sdfafsad
sdfafsad
sdfafsad
sdfafsad
sdfafsad
sdfafsad
sdfafsad
sdfafsad
sdfafsad
sdfafsad
sdfafsad
sdfafsad
sdfafsad
sdfafsad
sdfafsad
sdfafsad
sdfafsad
sdfafsad
sdfafsad
sdfafsad
sdfafsad
sdfafsad
sdfafsad
sdfafsad
sdfafsad
	speed: 15.7712s/iter; left time: 18641.6108s
sdfafsad
sdfafsad
sdfafsad
sdfafsad
sdfafsad
sdfafsad
sdfafsad
sdfafsad
sdfafsad
sdfafsad
sdfafsad
sdfafsad
sdfafsad
sdfafsad
sdfafsad
sdfafsad
sdfafsad
sdfafsad
sdfafsad
sdfafsad
sdfafsad
sdfafsad
sdfafsad
sdfafsad
sdfafsad
sdfafsad
sdfafsad
sdfafsad
sdfafsad
sdfafsad
sdfafsad
sdfafsad
sdfafsad
sdfafsad
sdfafsad
sdfafsad
sdfafsad
sdfafsad
sdfafsad
sdfafsad
sdfafsad
sdfafsad
sdfafsad
sdfafsad
sdfafsad
sdfafsad
sdfafsad
sdfafsad
sdfafsad
sdfafsad
sdfafsad
sdfafsad
sdfafsad
sdfafsad
sdfafsad
sdfafsad
sdfafsad
sdfafsad
sdfafsad
sdfafsad
sdfafsad
sdfafsad
sdfafsad
sdfafsad
sdfafsad
sdfafsad
sdfafsad
sdfafsad
sdfafsad
sdfafsad
sdfafsad
sdfafsad
sdfafsad
sdfafsad
sdfafsad
sdfafsad
sdfafsad
sdfafsad
sdfafsad
sdfafsad
sdfafsad
sdfafsad
sdfafsad
sdfafsad
sdfafsad
sdfafsad
sdfafsad
sdfafsad
sdfafsad
sdfafsad
sdfafsad
sdfafsad
sdfafsad
sdfafsad
sdfafsad
sdfafsad
sdfafsad
sdfafsad
sdfafsad
sdfafsad
	speed: 16.0388s/iter; left time: 17353.9661s
sdfafsad
sdfafsad
sdfafsad
sdfafsad
sdfafsad
sdfafsad
sdfafsad
sdfafsad
sdfafsad
sdfafsad
sdfafsad
sdfafsad
sdfafsad
sdfafsad
sdfafsad
sdfafsad
sdfafsad
sdfafsad
sdfafsad
sdfafsad
sdfafsad
sdfafsad
sdfafsad
sdfafsad
sdfafsad
sdfafsad
sdfafsad
