


2025-09-18 18:49:09
================ Hyperparameters ===============
anormly_ratio: 1.0
batch_size: 128
d_model: 256
data_path: SWAT
dataset: SWAT
device_ids: [0, 1, 2, 3]
devices: 0,1,2,3
e_layers: 3
gpu: 0
index: 137
input_c: 51
k: 3
loss_fuc: MSE
lr: 0.0001
mode: train
model_save_path: checkpoints
n_heads: 1
num_epochs: 3
output_c: 51
patch_size: [3, 5, 7]
rec_timeseries: True
use_gpu: True
use_multi_gpu: True
win_size: 105
====================  Train  ===================
test: (449919, 51)
train: (495000, 51)
test: (449919, 51)
train: (495000, 51)
test: (449919, 51)
train: (495000, 51)
test: (449919, 51)
train: (495000, 51)
tensor(6.8109, device='cuda:0', grad_fn=<DivBackward0>) tensor(6.8109, device='cuda:0', grad_fn=<DivBackward0>)
tensor(6.8124, device='cuda:0', grad_fn=<DivBackward0>) tensor(6.8124, device='cuda:0', grad_fn=<DivBackward0>)
tensor(6.8279, device='cuda:0', grad_fn=<DivBackward0>) tensor(6.8279, device='cuda:0', grad_fn=<DivBackward0>)
tensor(6.8471, device='cuda:0', grad_fn=<DivBackward0>) tensor(6.8471, device='cuda:0', grad_fn=<DivBackward0>)
